<?xml version="1.0" encoding="UTF-8"?>
<!-- Generated by org.testng.reporters.JUnitXMLReporter -->
<testsuite ignored="0" hostname="chintu" failures="0" tests="3" name="Surefire test" time="15.106" errors="0" timestamp="2023-03-28T13:39:46 IST">
  <testcase classname="org.example.AppTest" name="testcase1_login" time="0.045"/>
  <testcase classname="org.example.AppTest" name="testcase2_login" time="0.002"/>
  <testcase classname="org.example.GoogleSearchTest" name="googletest" time="14.968"/>
</testsuite> <!-- Surefire test -->
