<?xml version="1.0" encoding="UTF-8"?>
<!-- Generated by org.testng.reporters.JUnitXMLReporter -->
<testsuite ignored="0" hostname="chintu" failures="0" tests="3" name="Command line test" time="16.121" errors="0" timestamp="2023-03-29T10:14:12 IST">
  <testcase classname="org.example.AppTest" name="testcase1_login" time="0.014"/>
  <testcase classname="org.example.AppTest" name="testcase2_login" time="0.001"/>
  <testcase classname="org.example.GoogleSearchTest" name="googletest" time="16.042"/>
</testsuite> <!-- Command line test -->
