<?xml version="1.0" encoding="UTF-8"?>
<testng-results ignored="0" total="3" passed="3" failed="0" skipped="0">
  <reporter-output>
  </reporter-output>
  <suite started-at="2023-03-29T10:35:55 IST" name="All Test Suite" finished-at="2023-03-29T10:36:09 IST" duration-ms="13664">
    <groups>
    </groups>
    <test started-at="2023-03-29T10:35:55 IST" name="C:/Users/vinay/IdeaProjects/maven1st" finished-at="2023-03-29T10:36:09 IST" duration-ms="13664">
      <class name="org.example.GoogleSearchtest">
        <test-method signature="googletest()[pri:0, instance:org.example.GoogleSearchtest@418e7838]" started-at="2023-03-29T10:35:55 IST" name="googletest" finished-at="2023-03-29T10:36:09 IST" duration-ms="13578" status="PASS">
          <reporter-output>
          </reporter-output>
        </test-method> <!-- googletest -->
      </class> <!-- org.example.GoogleSearchtest -->
      <class name="org.example.AppTest">
        <test-method signature="testcase1_login()[pri:0, instance:org.example.AppTest@4c9f8c13]" started-at="2023-03-29T10:35:55 IST" name="testcase1_login" finished-at="2023-03-29T10:35:55 IST" duration-ms="12" status="PASS">
          <reporter-output>
          </reporter-output>
        </test-method> <!-- testcase1_login -->
        <test-method signature="testcase2_login()[pri:0, instance:org.example.AppTest@4c9f8c13]" started-at="2023-03-29T10:35:55 IST" name="testcase2_login" finished-at="2023-03-29T10:35:55 IST" duration-ms="1" status="PASS">
          <reporter-output>
          </reporter-output>
        </test-method> <!-- testcase2_login -->
      </class> <!-- org.example.AppTest -->
    </test> <!-- C:/Users/vinay/IdeaProjects/maven1st -->
  </suite> <!-- All Test Suite -->
</testng-results>
